<?xml version="1.0" encoding="UTF-8"?>
<testng-results ignored="0" total="6" passed="5" failed="1" skipped="0">
  <reporter-output>
  </reporter-output>
  <suite started-at="2021-10-11T15:37:29 IST" name="Suite" finished-at="2021-10-11T15:42:05 IST" duration-ms="275611">
    <groups>
    </groups>
    <test started-at="2021-10-11T15:37:29 IST" name="Test" finished-at="2021-10-11T15:42:05 IST" duration-ms="275611">
      <class name="com.hcl.tests.Testcases">
        <test-method is-config="true" signature="SetUp()[pri:0, instance:com.hcl.tests.Testcases@21e360a]" started-at="2021-10-11T15:37:30 IST" name="SetUp" finished-at="2021-10-11T15:37:45 IST" duration-ms="15173" status="PASS">
          <reporter-output>
          </reporter-output>
        </test-method> <!-- SetUp -->
        <test-method signature="Login(java.lang.String,java.lang.String)[pri:0, instance:com.hcl.tests.Testcases@21e360a]" started-at="2021-10-11T15:37:45 IST" name="Login" data-provider="LoginDataa" finished-at="2021-10-11T15:37:48 IST" duration-ms="2708" status="PASS">
          <params>
            <param index="0">
              <value>
                <![CDATA[7828987723]]>
              </value>
            </param>
            <param index="1">
              <value>
                <![CDATA[srvvku]]>
              </value>
            </param>
          </params>
          <reporter-output>
          </reporter-output>
        </test-method> <!-- Login -->
        <test-method is-config="true" signature="tearDown()[pri:0, instance:com.hcl.tests.Testcases@21e360a]" started-at="2021-10-11T15:37:50 IST" name="tearDown" finished-at="2021-10-11T15:37:56 IST" duration-ms="5682" status="PASS">
          <reporter-output>
          </reporter-output>
        </test-method> <!-- tearDown -->
        <test-method is-config="true" signature="SetUp()[pri:0, instance:com.hcl.tests.Testcases@21e360a]" started-at="2021-10-11T15:37:56 IST" name="SetUp" finished-at="2021-10-11T15:38:08 IST" duration-ms="11871" status="PASS">
          <reporter-output>
          </reporter-output>
        </test-method> <!-- SetUp -->
        <test-method signature="SearchHpLaptop(java.lang.String,java.lang.String)[pri:1, instance:com.hcl.tests.Testcases@21e360a]" started-at="2021-10-11T15:38:08 IST" name="SearchHpLaptop" data-provider="LoginDataa" finished-at="2021-10-11T15:38:45 IST" duration-ms="37182" status="FAIL">
          <params>
            <param index="0">
              <value>
                <![CDATA[7828987723]]>
              </value>
            </param>
            <param index="1">
              <value>
                <![CDATA[srvvku]]>
              </value>
            </param>
          </params>
          <exception class="org.openqa.selenium.WebDriverException">
            <message>
              <![CDATA[Unable to convert: {actions=[org.openqa.selenium.interactions.Sequence@7236204b]}]]>
            </message>
            <full-stacktrace>
              <![CDATA[org.openqa.selenium.WebDriverException: Unable to convert: {actions=[org.openqa.selenium.interactions.Sequence@7236204b]}
at org.openqa.selenium.json.BeanToJsonConverter.convert(BeanToJsonConverter.java:79)
at org.openqa.selenium.json.Json.toJson(Json.java:58)
at org.openqa.selenium.remote.http.AbstractHttpCommandCodec.encode(AbstractHttpCommandCodec.java:228)
at org.openqa.selenium.remote.http.AbstractHttpCommandCodec.encode(AbstractHttpCommandCodec.java:118)
at org.openqa.selenium.remote.HttpCommandExecutor.execute(HttpCommandExecutor.java:158)
at org.openqa.selenium.remote.service.DriverCommandExecutor.execute(DriverCommandExecutor.java:83)
at org.openqa.selenium.remote.RemoteWebDriver.execute(RemoteWebDriver.java:600)
at org.openqa.selenium.remote.RemoteWebDriver.perform(RemoteWebDriver.java:666)
at org.openqa.selenium.interactions.Actions$BuiltAction.perform(Actions.java:638)
at com.hcl.tests.Testcases.SearchHpLaptop(Testcases.java:86)
at java.base/jdk.internal.reflect.NativeMethodAccessorImpl.invoke0(Native Method)
at java.base/jdk.internal.reflect.NativeMethodAccessorImpl.invoke(NativeMethodAccessorImpl.java:78)
at java.base/jdk.internal.reflect.DelegatingMethodAccessorImpl.invoke(DelegatingMethodAccessorImpl.java:43)
at java.base/java.lang.reflect.Method.invoke(Method.java:567)
at org.testng.internal.MethodInvocationHelper.invokeMethod(MethodInvocationHelper.java:133)
at org.testng.internal.TestInvoker.invokeMethod(TestInvoker.java:598)
at org.testng.internal.TestInvoker.invokeTestMethod(TestInvoker.java:173)
at org.testng.internal.MethodRunner.runInSequence(MethodRunner.java:46)
at org.testng.internal.TestInvoker$MethodInvocationAgent.invoke(TestInvoker.java:824)
at org.testng.internal.TestInvoker.invokeTestMethods(TestInvoker.java:146)
at org.testng.internal.TestMethodWorker.invokeTestMethods(TestMethodWorker.java:146)
at org.testng.internal.TestMethodWorker.run(TestMethodWorker.java:128)
at java.base/java.util.concurrent.ThreadPoolExecutor.runWorker(ThreadPoolExecutor.java:1130)
at java.base/java.util.concurrent.ThreadPoolExecutor$Worker.run(ThreadPoolExecutor.java:630)
at java.base/java.lang.Thread.run(Thread.java:831)
Caused by: org.openqa.selenium.WebDriverException: Unable to convert: {actions=[org.openqa.selenium.interactions.Sequence@7236204b]}
at org.openqa.selenium.json.BeanToJsonConverter.convertObject(BeanToJsonConverter.java:98)
at org.openqa.selenium.json.BeanToJsonConverter.convert(BeanToJsonConverter.java:76)
... 24 more
Caused by: org.openqa.selenium.WebDriverException: java.lang.reflect.InvocationTargetException
Build info: version: '3.7.1', revision: '8a0099a', time: '2017-11-06T21:01:39.354Z'
System info: host: 'LP-PF1VMD5G', ip: '192.168.110.145', os.name: 'Windows 10', os.arch: 'amd64', os.version: '10.0', java.version: '16.0.2'
Driver info: driver.version: RemoteWebDriver
at org.openqa.selenium.json.BeanToJsonConverter.convertObject(BeanToJsonConverter.java:196)
at org.openqa.selenium.json.BeanToJsonConverter.convertObject(BeanToJsonConverter.java:148)
at org.openqa.selenium.json.BeanToJsonConverter.convertObject(BeanToJsonConverter.java:136)
at org.openqa.selenium.json.BeanToJsonConverter.convertObject(BeanToJsonConverter.java:96)
... 25 more
Caused by: java.lang.reflect.InvocationTargetException
at java.base/jdk.internal.reflect.NativeMethodAccessorImpl.invoke0(Native Method)
at java.base/jdk.internal.reflect.NativeMethodAccessorImpl.invoke(NativeMethodAccessorImpl.java:78)
at java.base/jdk.internal.reflect.DelegatingMethodAccessorImpl.invoke(DelegatingMethodAccessorImpl.java:43)
at java.base/java.lang.reflect.Method.invoke(Method.java:567)
at org.openqa.selenium.json.BeanToJsonConverter.convertObject(BeanToJsonConverter.java:179)
... 28 more
Caused by: org.openqa.selenium.NoSuchElementException: no such element: Unable to locate element: {"method":"xpath","selector":"//*[@id="nav-hamburger-menu"]"}
  (Session info: chrome=94.0.4606.71)
For documentation on this error, please visit: http://seleniumhq.org/exceptions/no_such_element.html
Build info: version: '3.7.1', revision: '8a0099a', time: '2017-11-06T21:01:39.354Z'
System info: host: 'LP-PF1VMD5G', ip: '192.168.110.145', os.name: 'Windows 10', os.arch: 'amd64', os.version: '10.0', java.version: '16.0.2'
Driver info: org.openqa.selenium.chrome.ChromeDriver
Capabilities {acceptInsecureCerts: false, browserName: chrome, browserVersion: 94.0.4606.71, chrome: {chromedriverVersion: 93.0.4577.63 (ff5c0da2ec0ad..., userDataDir: C:\Users\KALYAN~1.UMA\AppDa...}, goog:chromeOptions: {debuggerAddress: localhost:49379}, javascriptEnabled: true, networkConnectionEnabled: false, pageLoadStrategy: normal, platform: WINDOWS, platformName: WINDOWS, proxy: Proxy(), setWindowRect: true, strictFileInteractability: false, timeouts: {implicit: 0, pageLoad: 300000, script: 30000}, unhandledPromptBehavior: dismiss and notify, webauthn:extension:credBlob: true, webauthn:extension:largeBlob: true, webauthn:virtualAuthenticators: true}
Session ID: 15d656f1f5ef9ce801ed3471f02e93b3
*** Element info: {Using=xpath, value=//*[@id="nav-hamburger-menu"]}
at java.base/jdk.internal.reflect.NativeConstructorAccessorImpl.newInstance0(Native Method)
at java.base/jdk.internal.reflect.NativeConstructorAccessorImpl.newInstance(NativeConstructorAccessorImpl.java:78)
at java.base/jdk.internal.reflect.DelegatingConstructorAccessorImpl.newInstance(DelegatingConstructorAccessorImpl.java:45)
at java.base/java.lang.reflect.Constructor.newInstanceWithCaller(Constructor.java:499)
at java.base/java.lang.reflect.Constructor.newInstance(Constructor.java:480)
at org.openqa.selenium.remote.http.W3CHttpResponseCodec.createException(W3CHttpResponseCodec.java:187)
at org.openqa.selenium.remote.http.W3CHttpResponseCodec.decode(W3CHttpResponseCodec.java:122)
at org.openqa.selenium.remote.http.W3CHttpResponseCodec.decode(W3CHttpResponseCodec.java:49)
at org.openqa.selenium.remote.HttpCommandExecutor.execute(HttpCommandExecutor.java:164)
at org.openqa.selenium.remote.service.DriverCommandExecutor.execute(DriverCommandExecutor.java:83)
at org.openqa.selenium.remote.RemoteWebDriver.execute(RemoteWebDriver.java:600)
at org.openqa.selenium.remote.RemoteWebDriver.findElement(RemoteWebDriver.java:370)
at org.openqa.selenium.remote.RemoteWebDriver.findElementByXPath(RemoteWebDriver.java:472)
at org.openqa.selenium.By$ByXPath.findElement(By.java:361)
at org.openqa.selenium.remote.RemoteWebDriver.findElement(RemoteWebDriver.java:362)
at org.openqa.selenium.support.pagefactory.DefaultElementLocator.findElement(DefaultElementLocator.java:69)
at org.openqa.selenium.support.pagefactory.internal.LocatingElementHandler.invoke(LocatingElementHandler.java:38)
at jdk.proxy2/jdk.proxy2.$Proxy13.getWrappedElement(Unknown Source)
at org.openqa.selenium.interactions.PointerInput$Origin.asArg(PointerInput.java:203)
at org.openqa.selenium.interactions.PointerInput$Move.encode(PointerInput.java:154)
at org.openqa.selenium.interactions.Sequence.encode(Sequence.java:75)
at org.openqa.selenium.interactions.Sequence.toJson(Sequence.java:84)
... 33 more
]]>
            </full-stacktrace>
          </exception> <!-- org.openqa.selenium.WebDriverException -->
          <reporter-output>
          </reporter-output>
        </test-method> <!-- SearchHpLaptop -->
        <test-method is-config="true" signature="tearDown()[pri:0, instance:com.hcl.tests.Testcases@21e360a]" started-at="2021-10-11T15:38:45 IST" name="tearDown" finished-at="2021-10-11T15:38:51 IST" duration-ms="6025" status="PASS">
          <reporter-output>
          </reporter-output>
        </test-method> <!-- tearDown -->
        <test-method is-config="true" signature="SetUp()[pri:0, instance:com.hcl.tests.Testcases@21e360a]" started-at="2021-10-11T15:38:51 IST" name="SetUp" finished-at="2021-10-11T15:39:09 IST" duration-ms="17698" status="PASS">
          <reporter-output>
          </reporter-output>
        </test-method> <!-- SetUp -->
        <test-method signature="AddHpLaptopToCart(java.lang.String,java.lang.String)[pri:2, instance:com.hcl.tests.Testcases@21e360a]" started-at="2021-10-11T15:39:09 IST" name="AddHpLaptopToCart" data-provider="LoginDataa" finished-at="2021-10-11T15:39:40 IST" duration-ms="30532" status="PASS">
          <params>
            <param index="0">
              <value>
                <![CDATA[7828987723]]>
              </value>
            </param>
            <param index="1">
              <value>
                <![CDATA[srvvku]]>
              </value>
            </param>
          </params>
          <reporter-output>
          </reporter-output>
        </test-method> <!-- AddHpLaptopToCart -->
        <test-method is-config="true" signature="tearDown()[pri:0, instance:com.hcl.tests.Testcases@21e360a]" started-at="2021-10-11T15:39:40 IST" name="tearDown" finished-at="2021-10-11T15:39:46 IST" duration-ms="5907" status="PASS">
          <reporter-output>
          </reporter-output>
        </test-method> <!-- tearDown -->
        <test-method is-config="true" signature="SetUp()[pri:0, instance:com.hcl.tests.Testcases@21e360a]" started-at="2021-10-11T15:39:46 IST" name="SetUp" finished-at="2021-10-11T15:40:04 IST" duration-ms="18005" status="PASS">
          <reporter-output>
          </reporter-output>
        </test-method> <!-- SetUp -->
        <test-method signature="SearchAppleLaptop(java.lang.String,java.lang.String)[pri:3, instance:com.hcl.tests.Testcases@21e360a]" started-at="2021-10-11T15:40:04 IST" name="SearchAppleLaptop" data-provider="LoginDataa" finished-at="2021-10-11T15:40:27 IST" duration-ms="23196" status="PASS">
          <params>
            <param index="0">
              <value>
                <![CDATA[7828987723]]>
              </value>
            </param>
            <param index="1">
              <value>
                <![CDATA[srvvku]]>
              </value>
            </param>
          </params>
          <reporter-output>
          </reporter-output>
        </test-method> <!-- SearchAppleLaptop -->
        <test-method is-config="true" signature="tearDown()[pri:0, instance:com.hcl.tests.Testcases@21e360a]" started-at="2021-10-11T15:40:28 IST" name="tearDown" finished-at="2021-10-11T15:40:34 IST" duration-ms="6012" status="PASS">
          <reporter-output>
          </reporter-output>
        </test-method> <!-- tearDown -->
        <test-method is-config="true" signature="SetUp()[pri:0, instance:com.hcl.tests.Testcases@21e360a]" started-at="2021-10-11T15:40:34 IST" name="SetUp" finished-at="2021-10-11T15:40:45 IST" duration-ms="11343" status="PASS">
          <reporter-output>
          </reporter-output>
        </test-method> <!-- SetUp -->
        <test-method signature="AddApplelapyToCart(java.lang.String,java.lang.String)[pri:4, instance:com.hcl.tests.Testcases@21e360a]" started-at="2021-10-11T15:40:45 IST" name="AddApplelapyToCart" data-provider="LoginDataa" finished-at="2021-10-11T15:41:13 IST" duration-ms="27187" status="PASS">
          <params>
            <param index="0">
              <value>
                <![CDATA[7828987723]]>
              </value>
            </param>
            <param index="1">
              <value>
                <![CDATA[srvvku]]>
              </value>
            </param>
          </params>
          <reporter-output>
          </reporter-output>
        </test-method> <!-- AddApplelapyToCart -->
        <test-method is-config="true" signature="tearDown()[pri:0, instance:com.hcl.tests.Testcases@21e360a]" started-at="2021-10-11T15:41:13 IST" name="tearDown" finished-at="2021-10-11T15:41:19 IST" duration-ms="6178" status="PASS">
          <reporter-output>
          </reporter-output>
        </test-method> <!-- tearDown -->
        <test-method is-config="true" signature="SetUp()[pri:0, instance:com.hcl.tests.Testcases@21e360a]" started-at="2021-10-11T15:41:19 IST" name="SetUp" finished-at="2021-10-11T15:41:34 IST" duration-ms="15048" status="PASS">
          <reporter-output>
          </reporter-output>
        </test-method> <!-- SetUp -->
        <test-method signature="ViewCartDetails(java.lang.String,java.lang.String)[pri:5, instance:com.hcl.tests.Testcases@21e360a]" started-at="2021-10-11T15:41:34 IST" name="ViewCartDetails" data-provider="LoginDataa" finished-at="2021-10-11T15:41:59 IST" duration-ms="24373" status="PASS">
          <params>
            <param index="0">
              <value>
                <![CDATA[7828987723]]>
              </value>
            </param>
            <param index="1">
              <value>
                <![CDATA[srvvku]]>
              </value>
            </param>
          </params>
          <reporter-output>
          </reporter-output>
        </test-method> <!-- ViewCartDetails -->
        <test-method is-config="true" signature="tearDown()[pri:0, instance:com.hcl.tests.Testcases@21e360a]" started-at="2021-10-11T15:41:59 IST" name="tearDown" finished-at="2021-10-11T15:42:05 IST" duration-ms="6034" status="PASS">
          <reporter-output>
          </reporter-output>
        </test-method> <!-- tearDown -->
      </class> <!-- com.hcl.tests.Testcases -->
    </test> <!-- Test -->
  </suite> <!-- Suite -->
</testng-results>
